# dmidecode 3.5
Getting SMBIOS data from sysfs.
SMBIOS 3.5.0 present.

Handle 0x000C, DMI type 16, 23 bytes
Physical Memory Array
	Location: System Board Or Motherboard
	Use: System Memory
	Error Correction Type: None
	Maximum Capacity: 128 GB
	Error Information Handle: Not Provided
	Number Of Devices: 4

Handle 0x000D, DMI type 17, 92 bytes
Memory Device
	Array Handle: 0x000C
	Error Information Handle: Not Provided
	Total Width: Unknown
	Data Width: Unknown
	Size: No Module Installed
	Form Factor: Unknown
	Set: None
	Locator: Controller0-ChannelA-DIMM0
	Bank Locator: BANK 0
	Type: Unknown
	Type Detail: None

Handle 0x000E, DMI type 17, 92 bytes
Memory Device
	Array Handle: 0x000C
	Error Information Handle: Not Provided
	Total Width: 64 bits
	Data Width: 64 bits
	Size: 32 GB
	Form Factor: DIMM
	Set: None
	Locator: Controller0-ChannelA-DIMM1
	Bank Locator: BANK 0
	Type: DDR4
	Type Detail: Synchronous
	Speed: 2400 MT/s
	Manufacturer: Kingston
	Serial Number: F8ACDA4B
	Asset Tag: 9876543210
	Part Number: KF3600C18D4/32GX    
	Rank: 2
	Configured Memory Speed: 2400 MT/s
	Minimum Voltage: 1.2 V
	Maximum Voltage: 1.35 V
	Configured Voltage: 1.2 V
	Memory Technology: DRAM
	Memory Operating Mode Capability: Volatile memory
	Firmware Version: Not Specified
	Module Manufacturer ID: Bank 2, Hex 0x98
	Module Product ID: Unknown
	Memory Subsystem Controller Manufacturer ID: Unknown
	Memory Subsystem Controller Product ID: Unknown
	Non-Volatile Size: None
	Volatile Size: 32 GB
	Cache Size: None
	Logical Size: None

Handle 0x000F, DMI type 17, 92 bytes
Memory Device
	Array Handle: 0x000C
	Error Information Handle: Not Provided
	Total Width: Unknown
	Data Width: Unknown
	Size: No Module Installed
	Form Factor: Unknown
	Set: None
	Locator: Controller1-ChannelA-DIMM0
	Bank Locator: BANK 0
	Type: Unknown
	Type Detail: None

Handle 0x0010, DMI type 17, 92 bytes
Memory Device
	Array Handle: 0x000C
	Error Information Handle: Not Provided
	Total Width: Unknown
	Data Width: Unknown
	Size: No Module Installed
	Form Factor: Unknown
	Set: None
	Locator: Controller1-ChannelA-DIMM1
	Bank Locator: BANK 0
	Type: Unknown
	Type Detail: None

